<?xml version="1.0" encoding="UTF-8"?>
<robot generator="Robot 7.2.2 (Python 3.13.3 on win32)" generated="2025-05-13T13:43:45.471363" rpa="false" schemaversion="5">
<suite id="s1" name="OrangeHRM" source="C:\Users\Sadikshya Acharya\PycharmProjects\OrangeHRM">
<suite id="s1-s1" name="Tests" source="C:\Users\Sadikshya Acharya\PycharmProjects\OrangeHRM\Tests">
<suite id="s1-s1-s1" name="HomeTests" source="C:\Users\Sadikshya Acharya\PycharmProjects\OrangeHRM\Tests\HomeTests.robot">
<test id="s1-s1-s1-t1" name="Verify DropDown" line="30">
<kw name="Landing on Home Page" owner="HomePage">
<kw name="Initialize Login Data" owner="common">
<kw name="Read Excel Data" owner="ExcelKeywords">
<msg time="2025-05-13T13:43:46.077891" level="INFO">${url} = https://opensource-demo.orangehrmlive.com/web/index.php/auth/login</msg>
<var>${url}</var>
<arg>${EXCEL_FILE}</arg>
<arg>${LOGIN_SHEET_NAME}</arg>
<arg>A2</arg>
<status status="PASS" start="2025-05-13T13:43:45.868185" elapsed="0.209781"/>
</kw>
<kw name="Read Excel Data" owner="ExcelKeywords">
<msg time="2025-05-13T13:43:46.082744" level="INFO">${username} = Admin</msg>
<var>${username}</var>
<arg>${EXCEL_FILE}</arg>
<arg>${LOGIN_SHEET_NAME}</arg>
<arg>B2</arg>
<status status="PASS" start="2025-05-13T13:43:46.078205" elapsed="0.004594"/>
</kw>
<kw name="Read Excel Data" owner="ExcelKeywords">
<msg time="2025-05-13T13:43:46.087925" level="INFO">${password} = admin123</msg>
<var>${password}</var>
<arg>${EXCEL_FILE}</arg>
<arg>${LOGIN_SHEET_NAME}</arg>
<arg>C2</arg>
<status status="PASS" start="2025-05-13T13:43:46.082982" elapsed="0.004988"/>
</kw>
<kw name="Set Suite Variable" owner="BuiltIn">
<msg time="2025-05-13T13:43:46.088451" level="INFO">${URL} = https://opensource-demo.orangehrmlive.com/web/index.php/auth/login</msg>
<arg>${URL}</arg>
<arg>${url}</arg>
<doc>Makes a variable available everywhere within the scope of the current suite.</doc>
<status status="PASS" start="2025-05-13T13:43:46.088161" elapsed="0.000352"/>
</kw>
<kw name="Set Suite Variable" owner="BuiltIn">
<msg time="2025-05-13T13:43:46.088910" level="INFO">${USERNAME} = Admin</msg>
<arg>${USERNAME}</arg>
<arg>${username}</arg>
<doc>Makes a variable available everywhere within the scope of the current suite.</doc>
<status status="PASS" start="2025-05-13T13:43:46.088667" elapsed="0.000303"/>
</kw>
<kw name="Set Suite Variable" owner="BuiltIn">
<msg time="2025-05-13T13:43:46.089348" level="INFO">${PASSWORD} = admin123</msg>
<arg>${PASSWORD}</arg>
<arg>${password}</arg>
<doc>Makes a variable available everywhere within the scope of the current suite.</doc>
<status status="PASS" start="2025-05-13T13:43:46.089118" elapsed="0.000287"/>
</kw>
<status status="PASS" start="2025-05-13T13:43:45.867379" elapsed="0.222134"/>
</kw>
<kw name="Open Login Page" owner="LoginPage">
<kw name="Open Browser" owner="SeleniumLibrary">
<msg time="2025-05-13T13:43:46.090239" level="INFO">Opening browser 'firefox' to base url 'https://opensource-demo.orangehrmlive.com/web/index.php/auth/login'.</msg>
<arg>${url}</arg>
<doc>Opens a new browser instance to the optional ``url``.</doc>
<status status="PASS" start="2025-05-13T13:43:46.090021" elapsed="12.117494"/>
</kw>
<kw name="Maximize Browser Window" owner="SeleniumLibrary">
<doc>Maximizes current browser window.</doc>
<status status="PASS" start="2025-05-13T13:43:58.207761" elapsed="0.008782"/>
</kw>
<arg>${URL}</arg>
<status status="PASS" start="2025-05-13T13:43:46.089685" elapsed="12.127045"/>
</kw>
<kw name="Enter Credentials" owner="LoginPage">
<kw name="Wait Until Element Is Visible" owner="SeleniumLibrary">
<arg>${LOCATOR_USERNAME_FIELD}</arg>
<doc>Waits until the element ``locator`` is visible.</doc>
<status status="PASS" start="2025-05-13T13:43:58.217479" elapsed="0.544421"/>
</kw>
<kw name="Input Text" owner="SeleniumLibrary">
<msg time="2025-05-13T13:43:58.762633" level="INFO">Typing text 'Admin' into text field '//input[@placeholder="Username"]'.</msg>
<arg>${LOCATOR_USERNAME_FIELD}</arg>
<arg>${username}</arg>
<doc>Types the given ``text`` into the text field identified by ``locator``.</doc>
<status status="PASS" start="2025-05-13T13:43:58.762166" elapsed="0.042169"/>
</kw>
<kw name="Sleep" owner="BuiltIn">
<msg time="2025-05-13T13:44:00.806969" level="INFO">Slept 2 seconds.</msg>
<arg>2s</arg>
<doc>Pauses the test executed for the given time.</doc>
<status status="PASS" start="2025-05-13T13:43:58.804612" elapsed="2.002502"/>
</kw>
<kw name="Wait Until Element Is Visible" owner="SeleniumLibrary">
<arg>${LOCATOR_PASSWORD_FIELD}</arg>
<doc>Waits until the element ``locator`` is visible.</doc>
<status status="PASS" start="2025-05-13T13:44:00.807344" elapsed="0.012272"/>
</kw>
<kw name="Sleep" owner="BuiltIn">
<msg time="2025-05-13T13:44:02.820282" level="INFO">Slept 2 seconds.</msg>
<arg>2s</arg>
<doc>Pauses the test executed for the given time.</doc>
<status status="PASS" start="2025-05-13T13:44:00.819837" elapsed="2.000592"/>
</kw>
<kw name="Input Text" owner="SeleniumLibrary">
<msg time="2025-05-13T13:44:02.820978" level="INFO">Typing text 'admin123' into text field '//input[@placeholder="Password"]'.</msg>
<arg>${LOCATOR_PASSWORD_FIELD}</arg>
<arg>${password}</arg>
<doc>Types the given ``text`` into the text field identified by ``locator``.</doc>
<status status="PASS" start="2025-05-13T13:44:02.820660" elapsed="0.018814"/>
</kw>
<kw name="Wait Until Element Is Visible" owner="SeleniumLibrary">
<arg>${LOCATOR_LOGIN_BUTTON}</arg>
<arg>timeout=10</arg>
<doc>Waits until the element ``locator`` is visible.</doc>
<status status="PASS" start="2025-05-13T13:44:02.839734" elapsed="0.012658"/>
</kw>
<kw name="Click Element" owner="SeleniumLibrary">
<msg time="2025-05-13T13:44:02.852902" level="INFO">Clicking element '//button[@type='submit']'.</msg>
<arg>${LOCATOR_LOGIN_BUTTON}</arg>
<doc>Click the element identified by ``locator``.</doc>
<status status="PASS" start="2025-05-13T13:44:02.852630" elapsed="1.532837"/>
</kw>
<kw name="Sleep" owner="BuiltIn">
<msg time="2025-05-13T13:44:06.386021" level="INFO">Slept 2 seconds.</msg>
<arg>2s</arg>
<doc>Pauses the test executed for the given time.</doc>
<status status="PASS" start="2025-05-13T13:44:04.385690" elapsed="2.000482"/>
</kw>
<kw name="Wait Until Element Is Visible" owner="SeleniumLibrary">
<arg>${LOCATOR_DASHBOARD}</arg>
<arg>timeout=30</arg>
<arg>error=Dashboard did not become visible</arg>
<doc>Waits until the element ``locator`` is visible.</doc>
<status status="PASS" start="2025-05-13T13:44:06.386401" elapsed="0.015674"/>
</kw>
<arg>${USERNAME}</arg>
<arg>${PASSWORD}</arg>
<status status="PASS" start="2025-05-13T13:43:58.217006" elapsed="8.185226"/>
</kw>
<status status="PASS" start="2025-05-13T13:43:45.866913" elapsed="20.535420"/>
</kw>
<kw name="Verify Home Page" owner="HomePage">
<kw name="Sleep" owner="BuiltIn">
<msg time="2025-05-13T13:44:08.403321" level="INFO">Slept 2 seconds.</msg>
<arg>2s</arg>
<doc>Pauses the test executed for the given time.</doc>
<status status="PASS" start="2025-05-13T13:44:06.403036" elapsed="2.000435"/>
</kw>
<kw name="Page Should Contain" owner="SeleniumLibrary">
<msg time="2025-05-13T13:44:08.413869" level="INFO">Current page contains text 'Dashboard'.</msg>
<arg>Dashboard</arg>
<doc>Verifies that current page contains ``text``.</doc>
<status status="PASS" start="2025-05-13T13:44:08.403701" elapsed="0.010283"/>
</kw>
<status status="PASS" start="2025-05-13T13:44:06.402692" elapsed="2.011424"/>
</kw>
<kw name="Click Element" owner="SeleniumLibrary">
<msg time="2025-05-13T13:44:08.414738" level="INFO">Clicking element '//span[@class="oxd-userdropdown-tab"]'.</msg>
<arg>${LOCATOR_DROP_DOWN}</arg>
<doc>Click the element identified by ``locator``.</doc>
<status status="PASS" start="2025-05-13T13:44:08.414471" elapsed="0.220796"/>
</kw>
<kw name="Wait Until Element Is Visible" owner="SeleniumLibrary">
<arg>${LOCATOR_DROP_DOWN_OPTIONS}</arg>
<doc>Waits until the element ``locator`` is visible.</doc>
<status status="PASS" start="2025-05-13T13:44:08.635685" elapsed="0.214054"/>
</kw>
<kw name="Close Browser" owner="SeleniumLibrary" type="TEARDOWN">
<doc>Closes the current browser.</doc>
<status status="PASS" start="2025-05-13T13:44:08.850536" elapsed="3.124522"/>
</kw>
<status status="PASS" start="2025-05-13T13:43:45.866002" elapsed="26.109337"/>
</test>
<status status="PASS" start="2025-05-13T13:43:45.512928" elapsed="26.463421"/>
</suite>
<status status="PASS" start="2025-05-13T13:43:45.511309" elapsed="26.466207"/>
</suite>
<status status="PASS" start="2025-05-13T13:43:45.473163" elapsed="26.505284"/>
</suite>
<statistics>
<total>
<stat pass="1" fail="0" skip="0">All Tests</stat>
</total>
<tag>
</tag>
<suite>
<stat name="OrangeHRM" id="s1" pass="1" fail="0" skip="0">OrangeHRM</stat>
<stat name="Tests" id="s1-s1" pass="1" fail="0" skip="0">OrangeHRM.Tests</stat>
<stat name="HomeTests" id="s1-s1-s1" pass="1" fail="0" skip="0">OrangeHRM.Tests.HomeTests</stat>
</suite>
</statistics>
<errors>
</errors>
</robot>
