<?xml version="1.0" encoding="UTF-8"?>
<robot generator="Robot 7.2.2 (Python 3.13.3 on win32)" generated="2025-05-13T15:13:53.219841" rpa="false" schemaversion="5">
<suite id="s1" name="OrangeHRM" source="C:\Users\Sadikshya Acharya\PycharmProjects\OrangeHRM">
<suite id="s1-s1" name="Tests" source="C:\Users\Sadikshya Acharya\PycharmProjects\OrangeHRM\Tests">
<suite id="s1-s1-s1" name="HomeTests" source="C:\Users\Sadikshya Acharya\PycharmProjects\OrangeHRM\Tests\HomeTests.robot">
<test id="s1-s1-s1-t1" name="Verifying Logout DropDown Option" line="61">
<kw name="Test Setup" owner="HomePage">
<kw name="Landing on Home Page" owner="HomePage">
<kw name="Initialize Login Data" owner="common">
<kw name="Read Excel Data" owner="ExcelKeywords">
<msg time="2025-05-13T15:13:53.809210" level="INFO">${url} = https://opensource-demo.orangehrmlive.com/web/index.php/auth/login</msg>
<var>${url}</var>
<arg>${EXCEL_FILE}</arg>
<arg>${LOGIN_SHEET_NAME}</arg>
<arg>A2</arg>
<status status="PASS" start="2025-05-13T15:13:53.606763" elapsed="0.202522"/>
</kw>
<kw name="Read Excel Data" owner="ExcelKeywords">
<msg time="2025-05-13T15:13:53.814346" level="INFO">${username} = Admin</msg>
<var>${username}</var>
<arg>${EXCEL_FILE}</arg>
<arg>${LOGIN_SHEET_NAME}</arg>
<arg>B2</arg>
<status status="PASS" start="2025-05-13T15:13:53.809526" elapsed="0.004872"/>
</kw>
<kw name="Read Excel Data" owner="ExcelKeywords">
<msg time="2025-05-13T15:13:53.818981" level="INFO">${password} = admin123</msg>
<var>${password}</var>
<arg>${EXCEL_FILE}</arg>
<arg>${LOGIN_SHEET_NAME}</arg>
<arg>C2</arg>
<status status="PASS" start="2025-05-13T15:13:53.814573" elapsed="0.004454"/>
</kw>
<kw name="Set Suite Variable" owner="BuiltIn">
<msg time="2025-05-13T15:13:53.819520" level="INFO">${URL} = https://opensource-demo.orangehrmlive.com/web/index.php/auth/login</msg>
<arg>${URL}</arg>
<arg>${url}</arg>
<doc>Makes a variable available everywhere within the scope of the current suite.</doc>
<status status="PASS" start="2025-05-13T15:13:53.819215" elapsed="0.000368"/>
</kw>
<kw name="Set Suite Variable" owner="BuiltIn">
<msg time="2025-05-13T15:13:53.819997" level="INFO">${USERNAME} = Admin</msg>
<arg>${USERNAME}</arg>
<arg>${username}</arg>
<doc>Makes a variable available everywhere within the scope of the current suite.</doc>
<status status="PASS" start="2025-05-13T15:13:53.819738" elapsed="0.000319"/>
</kw>
<kw name="Set Suite Variable" owner="BuiltIn">
<msg time="2025-05-13T15:13:53.820454" level="INFO">${PASSWORD} = admin123</msg>
<arg>${PASSWORD}</arg>
<arg>${password}</arg>
<doc>Makes a variable available everywhere within the scope of the current suite.</doc>
<status status="PASS" start="2025-05-13T15:13:53.820205" elapsed="0.000329"/>
</kw>
<status status="PASS" start="2025-05-13T15:13:53.605965" elapsed="0.214675"/>
</kw>
<kw name="Open Login Page" owner="LoginPage">
<kw name="Open Browser" owner="SeleniumLibrary">
<msg time="2025-05-13T15:13:53.821384" level="INFO">Opening browser 'firefox' to base url 'https://opensource-demo.orangehrmlive.com/web/index.php/auth/login'.</msg>
<arg>${url}</arg>
<doc>Opens a new browser instance to the optional ``url``.</doc>
<status status="PASS" start="2025-05-13T15:13:53.821164" elapsed="11.003203"/>
</kw>
<kw name="Maximize Browser Window" owner="SeleniumLibrary">
<doc>Maximizes current browser window.</doc>
<status status="PASS" start="2025-05-13T15:14:04.824657" elapsed="0.002420"/>
</kw>
<arg>${URL}</arg>
<status status="PASS" start="2025-05-13T15:13:53.820815" elapsed="11.006405"/>
</kw>
<kw name="Enter Credentials" owner="LoginPage">
<kw name="Wait Until Element Is Visible" owner="SeleniumLibrary">
<arg>${LOCATOR_USERNAME_FIELD}</arg>
<doc>Waits until the element ``locator`` is visible.</doc>
<status status="PASS" start="2025-05-13T15:14:04.827909" elapsed="1.451443"/>
</kw>
<kw name="Input Text" owner="SeleniumLibrary">
<msg time="2025-05-13T15:14:06.279911" level="INFO">Typing text 'Admin' into text field '//input[@placeholder="Username"]'.</msg>
<arg>${LOCATOR_USERNAME_FIELD}</arg>
<arg>${username}</arg>
<doc>Types the given ``text`` into the text field identified by ``locator``.</doc>
<status status="PASS" start="2025-05-13T15:14:06.279587" elapsed="0.025480"/>
</kw>
<kw name="Sleep" owner="BuiltIn">
<msg time="2025-05-13T15:14:08.305696" level="INFO">Slept 2 seconds.</msg>
<arg>2s</arg>
<doc>Pauses the test executed for the given time.</doc>
<status status="PASS" start="2025-05-13T15:14:06.305330" elapsed="2.000510"/>
</kw>
<kw name="Wait Until Element Is Visible" owner="SeleniumLibrary">
<arg>${LOCATOR_PASSWORD_FIELD}</arg>
<doc>Waits until the element ``locator`` is visible.</doc>
<status status="PASS" start="2025-05-13T15:14:08.306063" elapsed="0.012479"/>
</kw>
<kw name="Sleep" owner="BuiltIn">
<msg time="2025-05-13T15:14:10.319241" level="INFO">Slept 2 seconds.</msg>
<arg>2s</arg>
<doc>Pauses the test executed for the given time.</doc>
<status status="PASS" start="2025-05-13T15:14:08.318766" elapsed="2.000621"/>
</kw>
<kw name="Input Text" owner="SeleniumLibrary">
<msg time="2025-05-13T15:14:10.319947" level="INFO">Typing text 'admin123' into text field '//input[@placeholder="Password"]'.</msg>
<arg>${LOCATOR_PASSWORD_FIELD}</arg>
<arg>${password}</arg>
<doc>Types the given ``text`` into the text field identified by ``locator``.</doc>
<status status="PASS" start="2025-05-13T15:14:10.319620" elapsed="0.018802"/>
</kw>
<kw name="Wait Until Element Is Visible" owner="SeleniumLibrary">
<arg>${LOCATOR_LOGIN_BUTTON}</arg>
<arg>timeout=10</arg>
<doc>Waits until the element ``locator`` is visible.</doc>
<status status="PASS" start="2025-05-13T15:14:10.338674" elapsed="0.013169"/>
</kw>
<kw name="Click Element" owner="SeleniumLibrary">
<msg time="2025-05-13T15:14:10.352383" level="INFO">Clicking element '//button[@type='submit']'.</msg>
<arg>${LOCATOR_LOGIN_BUTTON}</arg>
<doc>Click the element identified by ``locator``.</doc>
<status status="PASS" start="2025-05-13T15:14:10.352090" elapsed="2.820263"/>
</kw>
<kw name="Sleep" owner="BuiltIn">
<msg time="2025-05-13T15:14:15.173505" level="INFO">Slept 2 seconds.</msg>
<arg>2s</arg>
<doc>Pauses the test executed for the given time.</doc>
<status status="PASS" start="2025-05-13T15:14:13.172576" elapsed="2.001328"/>
</kw>
<kw name="Wait Until Element Is Visible" owner="SeleniumLibrary">
<arg>${LOCATOR_DASHBOARD}</arg>
<arg>timeout=30</arg>
<arg>error=Dashboard did not become visible</arg>
<doc>Waits until the element ``locator`` is visible.</doc>
<status status="PASS" start="2025-05-13T15:14:15.174302" elapsed="0.033675"/>
</kw>
<arg>${USERNAME}</arg>
<arg>${PASSWORD}</arg>
<status status="PASS" start="2025-05-13T15:14:04.827480" elapsed="10.380748"/>
</kw>
<status status="PASS" start="2025-05-13T15:13:53.605640" elapsed="21.602789"/>
</kw>
<kw name="Verify Home Page" owner="HomePage">
<kw name="Sleep" owner="BuiltIn">
<msg time="2025-05-13T15:14:17.209815" level="INFO">Slept 2 seconds.</msg>
<arg>2s</arg>
<doc>Pauses the test executed for the given time.</doc>
<status status="PASS" start="2025-05-13T15:14:15.209437" elapsed="2.000539"/>
</kw>
<kw name="Page Should Contain" owner="SeleniumLibrary">
<msg time="2025-05-13T15:14:17.218190" level="INFO">Current page contains text 'Dashboard'.</msg>
<arg>Dashboard</arg>
<doc>Verifies that current page contains ``text``.</doc>
<status status="PASS" start="2025-05-13T15:14:17.210214" elapsed="0.008085"/>
</kw>
<status status="PASS" start="2025-05-13T15:14:15.208890" elapsed="2.009538"/>
</kw>
<status status="PASS" start="2025-05-13T15:13:53.605215" elapsed="23.613306"/>
</kw>
<kw name="Click Element" owner="SeleniumLibrary">
<msg time="2025-05-13T15:14:17.219119" level="INFO">Clicking element '//span[@class="oxd-userdropdown-tab"]'.</msg>
<arg>${LOCATOR_DROP_DOWN}</arg>
<doc>Click the element identified by ``locator``.</doc>
<status status="PASS" start="2025-05-13T15:14:17.218848" elapsed="0.219550"/>
</kw>
<kw name="Wait Until Element Is Visible" owner="SeleniumLibrary">
<arg>${LOCATOR_DROP_DOWN_OPTIONS}</arg>
<doc>Waits until the element ``locator`` is visible.</doc>
<status status="PASS" start="2025-05-13T15:14:17.438802" elapsed="0.214189"/>
</kw>
<kw name="Click Element" owner="SeleniumLibrary">
<msg time="2025-05-13T15:14:17.653793" level="INFO">Clicking element '//a[normalize-space()='Logout']'.</msg>
<arg>${LOCATOR_LOGOUT_BUTTON}</arg>
<doc>Click the element identified by ``locator``.</doc>
<status status="PASS" start="2025-05-13T15:14:17.653522" elapsed="1.237112"/>
</kw>
<kw name="Location Should Be" owner="SeleniumLibrary">
<msg time="2025-05-13T15:14:18.892569" level="INFO">Current location is 'https://opensource-demo.orangehrmlive.com/web/index.php/auth/login'.</msg>
<arg>${LOGIN_PAGE_URL}</arg>
<doc>Verifies that the current URL is exactly ``url``.</doc>
<status status="PASS" start="2025-05-13T15:14:18.891018" elapsed="0.001626"/>
</kw>
<kw name="Close Browser" owner="SeleniumLibrary" type="TEARDOWN">
<doc>Closes the current browser.</doc>
<status status="PASS" start="2025-05-13T15:14:18.892997" elapsed="2.976887"/>
</kw>
<status status="PASS" start="2025-05-13T15:13:53.604376" elapsed="28.265794"/>
</test>
<status status="PASS" start="2025-05-13T15:13:53.261310" elapsed="28.609898"/>
</suite>
<status status="PASS" start="2025-05-13T15:13:53.259384" elapsed="28.612945"/>
</suite>
<status status="PASS" start="2025-05-13T15:13:53.221598" elapsed="28.651466"/>
</suite>
<statistics>
<total>
<stat pass="1" fail="0" skip="0">All Tests</stat>
</total>
<tag>
</tag>
<suite>
<stat name="OrangeHRM" id="s1" pass="1" fail="0" skip="0">OrangeHRM</stat>
<stat name="Tests" id="s1-s1" pass="1" fail="0" skip="0">OrangeHRM.Tests</stat>
<stat name="HomeTests" id="s1-s1-s1" pass="1" fail="0" skip="0">OrangeHRM.Tests.HomeTests</stat>
</suite>
</statistics>
<errors>
</errors>
</robot>
